\BOOKMARK [0][-]{chapter.1}{\376\377\000C\000l\000a\000s\000s\000\040\000I\000n\000d\000e\000x}{}% 1
\BOOKMARK [1][-]{section.1.1}{\376\377\000C\000l\000a\000s\000s\000\040\000L\000i\000s\000t}{chapter.1}% 2
\BOOKMARK [0][-]{chapter.2}{\376\377\000C\000l\000a\000s\000s\000\040\000D\000o\000c\000u\000m\000e\000n\000t\000a\000t\000i\000o\000n}{}% 3
\BOOKMARK [1][-]{section.2.1}{\376\377\000C\000e\000l\000l\000\040\000C\000l\000a\000s\000s\000\040\000R\000e\000f\000e\000r\000e\000n\000c\000e}{chapter.2}% 4
\BOOKMARK [2][-]{subsection.2.1.1}{\376\377\000C\000o\000n\000s\000t\000r\000u\000c\000t\000o\000r\000\040\000\046\000\040\000D\000e\000s\000t\000r\000u\000c\000t\000o\000r\000\040\000D\000o\000c\000u\000m\000e\000n\000t\000a\000t\000i\000o\000n}{section.2.1}% 5
\BOOKMARK [3][-]{subsubsection.2.1.1.1}{\376\377\000C\000e\000l\000l}{subsection.2.1.1}% 6
\BOOKMARK [3][-]{subsubsection.2.1.1.2}{\376\377\000C\000e\000l\000l}{subsection.2.1.1}% 7
\BOOKMARK [2][-]{subsection.2.1.2}{\376\377\000M\000e\000m\000b\000e\000r\000\040\000F\000u\000n\000c\000t\000i\000o\000n\000\040\000D\000o\000c\000u\000m\000e\000n\000t\000a\000t\000i\000o\000n}{section.2.1}% 8
\BOOKMARK [3][-]{subsubsection.2.1.2.1}{\376\377\000a\000d\000d\000i\000n\000g\000\137\000t\000o\000\137\000p\000l}{subsection.2.1.2}% 9
\BOOKMARK [3][-]{subsubsection.2.1.2.2}{\376\377\000c\000o\000d\000e\000\137\000p\000l}{subsection.2.1.2}% 10
\BOOKMARK [3][-]{subsubsection.2.1.2.3}{\376\377\000d\000e\000l\000e\000t\000e\000P\000a\000r\000t\000i\000c\000l\000e}{subsection.2.1.2}% 11
\BOOKMARK [3][-]{subsubsection.2.1.2.4}{\376\377\000d\000e\000l\000e\000t\000e\000P\000a\000r\000t\000i\000c\000l\000e}{subsection.2.1.2}% 12
\BOOKMARK [3][-]{subsubsection.2.1.2.5}{\376\377\000d\000e\000l\000e\000t\000e\000P\000l}{subsection.2.1.2}% 13
\BOOKMARK [3][-]{subsubsection.2.1.2.6}{\376\377\000i\000n\000s\000e\000r\000t\000P\000a\000r\000t\000i\000c\000l\000e}{subsection.2.1.2}% 14
\BOOKMARK [3][-]{subsubsection.2.1.2.7}{\376\377\000i\000n\000s\000e\000r\000t\000P\000a\000r\000t\000i\000c\000l\000e}{subsection.2.1.2}% 15
\BOOKMARK [3][-]{subsubsection.2.1.2.8}{\376\377\000u\000n\000c\000o\000d\000e\000P\000l}{subsection.2.1.2}% 16
\BOOKMARK [2][-]{subsection.2.1.3}{\376\377\000M\000e\000m\000b\000e\000r\000\040\000D\000a\000t\000a\000\040\000D\000o\000c\000u\000m\000e\000n\000t\000a\000t\000i\000o\000n}{section.2.1}% 17
\BOOKMARK [3][-]{subsubsection.2.1.3.1}{\376\377\000a\000d\000d\000i\000n\000g}{subsection.2.1.3}% 18
\BOOKMARK [3][-]{subsubsection.2.1.3.2}{\376\377\000c\000e\000l\000l\000\137\000s\000i\000z\000e}{subsection.2.1.3}% 19
\BOOKMARK [3][-]{subsubsection.2.1.3.3}{\376\377\000i\000d}{subsection.2.1.3}% 20
\BOOKMARK [3][-]{subsubsection.2.1.3.4}{\376\377\000p\000l}{subsection.2.1.3}% 21
\BOOKMARK [3][-]{subsubsection.2.1.3.5}{\376\377\000s\000t\000a\000r\000t}{subsection.2.1.3}% 22
\BOOKMARK [3][-]{subsubsection.2.1.3.6}{\376\377\000t\000i\000m\000e\000s\000t\000e\000p}{subsection.2.1.3}% 23
\BOOKMARK [1][-]{section.2.2}{\376\377\000P\000a\000r\000t\000i\000c\000l\000e\000\040\000S\000t\000r\000u\000c\000t\000\040\000R\000e\000f\000e\000r\000e\000n\000c\000e}{chapter.2}% 24
\BOOKMARK [2][-]{subsection.2.2.1}{\376\377\000M\000e\000m\000b\000e\000r\000\040\000D\000a\000t\000a\000\040\000D\000o\000c\000u\000m\000e\000n\000t\000a\000t\000i\000o\000n}{section.2.2}% 25
\BOOKMARK [3][-]{subsubsection.2.2.1.1}{\376\377\000F}{subsection.2.2.1}% 26
\BOOKMARK [3][-]{subsubsection.2.2.1.2}{\376\377\000F\000\137\000o\000l\000d}{subsection.2.2.1}% 27
\BOOKMARK [3][-]{subsubsection.2.2.1.3}{\376\377\000i\000d}{subsection.2.2.1}% 28
\BOOKMARK [3][-]{subsubsection.2.2.1.4}{\376\377\000m}{subsection.2.2.1}% 29
\BOOKMARK [3][-]{subsubsection.2.2.1.5}{\376\377\000V}{subsection.2.2.1}% 30
\BOOKMARK [3][-]{subsubsection.2.2.1.6}{\376\377\000X}{subsection.2.2.1}% 31
\BOOKMARK [1][-]{section.2.3}{\376\377\000P\000a\000r\000t\000i\000c\000l\000e\000L\000i\000s\000t\000\040\000S\000t\000r\000u\000c\000t\000\040\000R\000e\000f\000e\000r\000e\000n\000c\000e}{chapter.2}% 32
\BOOKMARK [1][-]{section.2.4}{\376\377\000S\000i\000m\000P\000r\000o\000c\000e\000s\000s\000\040\000C\000l\000a\000s\000s\000\040\000R\000e\000f\000e\000r\000e\000n\000c\000e}{chapter.2}% 33
\BOOKMARK [2][-]{subsection.2.4.1}{\376\377\000D\000e\000t\000a\000i\000l\000e\000d\000\040\000D\000e\000s\000c\000r\000i\000p\000t\000i\000o\000n}{section.2.4}% 34
\BOOKMARK [2][-]{subsection.2.4.2}{\376\377\000C\000o\000n\000s\000t\000r\000u\000c\000t\000o\000r\000\040\000\046\000\040\000D\000e\000s\000t\000r\000u\000c\000t\000o\000r\000\040\000D\000o\000c\000u\000m\000e\000n\000t\000a\000t\000i\000o\000n}{section.2.4}% 35
\BOOKMARK [3][-]{subsubsection.2.4.2.1}{\376\377\000S\000i\000m\000P\000r\000o\000c\000e\000s\000s}{subsection.2.4.2}% 36
\BOOKMARK [3][-]{subsubsection.2.4.2.2}{\376\377\000S\000i\000m\000P\000r\000o\000c\000e\000s\000s}{subsection.2.4.2}% 37
\BOOKMARK [2][-]{subsection.2.4.3}{\376\377\000M\000e\000m\000b\000e\000r\000\040\000F\000u\000n\000c\000t\000i\000o\000n\000\040\000D\000o\000c\000u\000m\000e\000n\000t\000a\000t\000i\000o\000n}{section.2.4}% 38
\BOOKMARK [3][-]{subsubsection.2.4.3.1}{\376\377\000a\000d\000d\000i\000n\000g\000\137\000t\000o\000\137\000p\000l}{subsection.2.4.3}% 39
\BOOKMARK [3][-]{subsubsection.2.4.3.2}{\376\377\000c\000o\000d\000e\000\137\000p\000l}{subsection.2.4.3}% 40
\BOOKMARK [3][-]{subsubsection.2.4.3.3}{\376\377\000c\000o\000m\000m\000u\000n\000i\000c\000a\000t\000e}{subsection.2.4.3}% 41
\BOOKMARK [3][-]{subsubsection.2.4.3.4}{\376\377\000c\000o\000m\000m\000u\000n\000i\000c\000a\000t\000e}{subsection.2.4.3}% 42
\BOOKMARK [3][-]{subsubsection.2.4.3.5}{\376\377\000c\000o\000m\000p\000F}{subsection.2.4.3}% 43
\BOOKMARK [3][-]{subsubsection.2.4.3.6}{\376\377\000c\000o\000m\000p\000F}{subsection.2.4.3}% 44
\BOOKMARK [3][-]{subsubsection.2.4.3.7}{\376\377\000c\000o\000m\000p\000V}{subsection.2.4.3}% 45
\BOOKMARK [3][-]{subsubsection.2.4.3.8}{\376\377\000c\000o\000m\000p\000X}{subsection.2.4.3}% 46
\BOOKMARK [3][-]{subsubsection.2.4.3.9}{\376\377\000f\000o\000r\000c\000e}{subsection.2.4.3}% 47
\BOOKMARK [3][-]{subsubsection.2.4.3.10}{\376\377\000g\000a\000t\000h\000e\000r\000\137\000o\000u\000t\000p\000u\000t\000s}{subsection.2.4.3}% 48
\BOOKMARK [3][-]{subsubsection.2.4.3.11}{\376\377\000g\000e\000t\000L\000o\000c\000a\000l\000C\000e\000l\000l\000I\000d}{subsection.2.4.3}% 49
\BOOKMARK [3][-]{subsubsection.2.4.3.12}{\376\377\000i\000n\000c\000l\000P\000a\000r\000t\000i\000c\000l\000e}{subsection.2.4.3}% 50
\BOOKMARK [3][-]{subsubsection.2.4.3.13}{\376\377\000i\000n\000d\000e\000x}{subsection.2.4.3}% 51
\BOOKMARK [3][-]{subsubsection.2.4.3.14}{\376\377\000i\000n\000i\000t\000D\000a\000t\000a}{subsection.2.4.3}% 52
\BOOKMARK [3][-]{subsubsection.2.4.3.15}{\376\377\000l\000o\000c\000a\000l\000\137\000i\000n\000d\000e\000x}{subsection.2.4.3}% 53
\BOOKMARK [3][-]{subsubsection.2.4.3.16}{\376\377\000m\000o\000v\000e\000P\000a\000r\000t\000i\000c\000l\000e\000s}{subsection.2.4.3}% 54
\BOOKMARK [3][-]{subsubsection.2.4.3.17}{\376\377\000o\000u\000t\000p\000u\000t}{subsection.2.4.3}% 55
\BOOKMARK [3][-]{subsubsection.2.4.3.18}{\376\377\000p\000l\000\137\000s\000e\000n\000d\000\137\000r\000e\000c\000v}{subsection.2.4.3}% 56
\BOOKMARK [3][-]{subsubsection.2.4.3.19}{\376\377\000s\000t\000a\000t\000u\000s\000\137\000o\000u\000t\000p\000u\000t}{subsection.2.4.3}% 57
\BOOKMARK [3][-]{subsubsection.2.4.3.20}{\376\377\000t\000i\000m\000e\000I\000n\000t\000e\000g\000r\000a\000t\000i\000o\000n}{subsection.2.4.3}% 58
\BOOKMARK [3][-]{subsubsection.2.4.3.21}{\376\377\000u\000n\000c\000o\000d\000e\000P\000l}{subsection.2.4.3}% 59
\BOOKMARK [2][-]{subsection.2.4.4}{\376\377\000M\000e\000m\000b\000e\000r\000\040\000D\000a\000t\000a\000\040\000D\000o\000c\000u\000m\000e\000n\000t\000a\000t\000i\000o\000n}{section.2.4}% 60
\BOOKMARK [3][-]{subsubsection.2.4.4.1}{\376\377\000c\000e\000l\000l\000\137\000s\000i\000z\000e}{subsection.2.4.4}% 61
\BOOKMARK [3][-]{subsubsection.2.4.4.2}{\376\377\000d\000e\000l\000t\000a\000\137\000t}{subsection.2.4.4}% 62
\BOOKMARK [3][-]{subsubsection.2.4.4.3}{\376\377\000g\000l\000o\000b\000a\000l\000\137\000n\000c}{subsection.2.4.4}% 63
\BOOKMARK [3][-]{subsubsection.2.4.4.4}{\376\377\000g\000l\000o\000b\000a\000l\000\137\000s\000i\000z\000e}{subsection.2.4.4}% 64
\BOOKMARK [3][-]{subsubsection.2.4.4.5}{\376\377\000i\000c\000\137\000s\000t\000a\000r\000t}{subsection.2.4.4}% 65
\BOOKMARK [3][-]{subsubsection.2.4.4.6}{\376\377\000i\000c\000\137\000s\000t\000o\000p}{subsection.2.4.4}% 66
\BOOKMARK [3][-]{subsubsection.2.4.4.7}{\376\377\000i\000p}{subsection.2.4.4}% 67
\BOOKMARK [3][-]{subsubsection.2.4.4.8}{\376\377\000l\000o\000c\000a\000l\000\137\000n\000c}{subsection.2.4.4}% 68
\BOOKMARK [3][-]{subsubsection.2.4.4.9}{\376\377\000l\000o\000c\000a\000l\000\137\000s\000i\000z\000e}{subsection.2.4.4}% 69
\BOOKMARK [3][-]{subsubsection.2.4.4.10}{\376\377\000m\000a\000x\000\137\000V}{subsection.2.4.4}% 70
\BOOKMARK [3][-]{subsubsection.2.4.4.11}{\376\377\000n\000e\000i\000g\000h\000\137\000l\000o\000w\000e\000r}{subsection.2.4.4}% 71
\BOOKMARK [3][-]{subsubsection.2.4.4.12}{\376\377\000n\000e\000i\000g\000h\000\137\000u\000p\000p\000e\000r}{subsection.2.4.4}% 72
\BOOKMARK [3][-]{subsubsection.2.4.4.13}{\376\377\000n\000p}{subsection.2.4.4}% 73
\BOOKMARK [3][-]{subsubsection.2.4.4.14}{\376\377\000n\000u\000m\000\137\000p\000a\000r\000t}{subsection.2.4.4}% 74
\BOOKMARK [3][-]{subsubsection.2.4.4.15}{\376\377\000r\000\137\000c\000u\000t}{subsection.2.4.4}% 75
\BOOKMARK [3][-]{subsubsection.2.4.4.16}{\376\377\000r\000a\000n\000k}{subsection.2.4.4}% 76
\BOOKMARK [3][-]{subsubsection.2.4.4.17}{\376\377\000s\000t\000a\000r\000t}{subsection.2.4.4}% 77
\BOOKMARK [3][-]{subsubsection.2.4.4.18}{\376\377\000t\000\137\000e\000n\000d}{subsection.2.4.4}% 78
